[29-Jan-2025 07:09:35 UTC] PHP Warning:  Cannot modify header information - headers already sent by (output started at E:\xampp\htdocs\tekalignnega\wp-includes\class-wp-styles.php:214) in E:\xampp\htdocs\tekalignnega\wp-login.php on line 515
[29-Jan-2025 07:09:35 UTC] PHP Warning:  Cannot modify header information - headers already sent by (output started at E:\xampp\htdocs\tekalignnega\wp-includes\class-wp-styles.php:214) in E:\xampp\htdocs\tekalignnega\wp-login.php on line 531
[29-Jan-2025 07:09:35 UTC] PHP Warning:  Cannot modify header information - headers already sent by (output started at E:\xampp\htdocs\tekalignnega\wp-includes\class-wp-styles.php:214) in E:\xampp\htdocs\tekalignnega\wp-login.php on line 538
[29-Jan-2025 07:09:35 UTC] PHP Warning:  Cannot modify header information - headers already sent by (output started at E:\xampp\htdocs\tekalignnega\wp-includes\class-wp-styles.php:214) in E:\xampp\htdocs\tekalignnega\wp-includes\functions.php on line 7137
[29-Jan-2025 07:09:36 UTC] PHP Warning:  Cannot modify header information - headers already sent by (output started at E:\xampp\htdocs\tekalignnega\wp-includes\class-wp-styles.php:214) in E:\xampp\htdocs\tekalignnega\wp-includes\pluggable.php on line 1435
[29-Jan-2025 07:09:36 UTC] PHP Warning:  Cannot modify header information - headers already sent by (output started at E:\xampp\htdocs\tekalignnega\wp-includes\class-wp-styles.php:214) in E:\xampp\htdocs\tekalignnega\wp-includes\pluggable.php on line 1438
[29-Jan-2025 07:09:54 UTC] PHP Warning:  Cannot modify header information - headers already sent by (output started at E:\xampp\htdocs\tekalignnega\wp-includes\class-wp-styles.php:214) in E:\xampp\htdocs\tekalignnega\wp-login.php on line 515
[29-Jan-2025 07:09:54 UTC] PHP Warning:  Cannot modify header information - headers already sent by (output started at E:\xampp\htdocs\tekalignnega\wp-includes\class-wp-styles.php:214) in E:\xampp\htdocs\tekalignnega\wp-login.php on line 531
[29-Jan-2025 07:09:54 UTC] PHP Warning:  Cannot modify header information - headers already sent by (output started at E:\xampp\htdocs\tekalignnega\wp-includes\class-wp-styles.php:214) in E:\xampp\htdocs\tekalignnega\wp-includes\functions.php on line 7137
[29-Jan-2025 07:09:54 UTC] PHP Warning:  Cannot modify header information - headers already sent by (output started at E:\xampp\htdocs\tekalignnega\wp-includes\class-wp-styles.php:214) in E:\xampp\htdocs\tekalignnega\wp-includes\pluggable.php on line 1093
[29-Jan-2025 07:09:54 UTC] PHP Warning:  Cannot modify header information - headers already sent by (output started at E:\xampp\htdocs\tekalignnega\wp-includes\class-wp-styles.php:214) in E:\xampp\htdocs\tekalignnega\wp-includes\pluggable.php on line 1094
[29-Jan-2025 07:09:54 UTC] PHP Warning:  Cannot modify header information - headers already sent by (output started at E:\xampp\htdocs\tekalignnega\wp-includes\class-wp-styles.php:214) in E:\xampp\htdocs\tekalignnega\wp-includes\pluggable.php on line 1095
[29-Jan-2025 07:09:55 UTC] Automatic updates starting...
[29-Jan-2025 07:09:55 UTC] Automatic updates complete.
[29-Jan-2025 07:09:55 UTC] PHP Warning:  Cannot modify header information - headers already sent by (output started at E:\xampp\htdocs\tekalignnega\wp-includes\class-wp-styles.php:214) in E:\xampp\htdocs\tekalignnega\wp-includes\pluggable.php on line 1435
[29-Jan-2025 07:09:55 UTC] PHP Warning:  Cannot modify header information - headers already sent by (output started at E:\xampp\htdocs\tekalignnega\wp-includes\class-wp-styles.php:214) in E:\xampp\htdocs\tekalignnega\wp-includes\pluggable.php on line 1438
[29-Jan-2025 07:10:12 UTC] PHP Warning:  Cannot modify header information - headers already sent by (output started at E:\xampp\htdocs\tekalignnega\wp-includes\class-wp-styles.php:214) in E:\xampp\htdocs\tekalignnega\wp-login.php on line 515
[29-Jan-2025 07:10:12 UTC] PHP Warning:  Cannot modify header information - headers already sent by (output started at E:\xampp\htdocs\tekalignnega\wp-includes\class-wp-styles.php:214) in E:\xampp\htdocs\tekalignnega\wp-login.php on line 531
[29-Jan-2025 07:10:12 UTC] PHP Warning:  Cannot modify header information - headers already sent by (output started at E:\xampp\htdocs\tekalignnega\wp-includes\class-wp-styles.php:214) in E:\xampp\htdocs\tekalignnega\wp-includes\functions.php on line 7137
[29-Jan-2025 07:10:12 UTC] PHP Warning:  Cannot modify header information - headers already sent by (output started at E:\xampp\htdocs\tekalignnega\wp-includes\class-wp-styles.php:214) in E:\xampp\htdocs\tekalignnega\wp-includes\pluggable.php on line 1093
[29-Jan-2025 07:10:12 UTC] PHP Warning:  Cannot modify header information - headers already sent by (output started at E:\xampp\htdocs\tekalignnega\wp-includes\class-wp-styles.php:214) in E:\xampp\htdocs\tekalignnega\wp-includes\pluggable.php on line 1094
[29-Jan-2025 07:10:12 UTC] PHP Warning:  Cannot modify header information - headers already sent by (output started at E:\xampp\htdocs\tekalignnega\wp-includes\class-wp-styles.php:214) in E:\xampp\htdocs\tekalignnega\wp-includes\pluggable.php on line 1095
[29-Jan-2025 07:10:12 UTC] PHP Warning:  Cannot modify header information - headers already sent by (output started at E:\xampp\htdocs\tekalignnega\wp-includes\class-wp-styles.php:214) in E:\xampp\htdocs\tekalignnega\wp-includes\pluggable.php on line 1435
[29-Jan-2025 07:10:12 UTC] PHP Warning:  Cannot modify header information - headers already sent by (output started at E:\xampp\htdocs\tekalignnega\wp-includes\class-wp-styles.php:214) in E:\xampp\htdocs\tekalignnega\wp-includes\pluggable.php on line 1438
[29-Jan-2025 07:10:48 UTC] PHP Deprecated:  Function print_emoji_styles is <strong>deprecated</strong> since version 6.4.0! Use wp_enqueue_emoji_styles instead. in E:\xampp\htdocs\tekalignnega\wp-includes\functions.php on line 6114
[29-Jan-2025 07:10:48 UTC] PHP Warning:  Cannot modify header information - headers already sent by (output started at E:\xampp\htdocs\tekalignnega\wp-includes\class-wp-styles.php:214) in E:\xampp\htdocs\tekalignnega\wp-includes\pluggable.php on line 1435
[29-Jan-2025 07:10:48 UTC] PHP Warning:  Cannot modify header information - headers already sent by (output started at E:\xampp\htdocs\tekalignnega\wp-includes\class-wp-styles.php:214) in E:\xampp\htdocs\tekalignnega\wp-includes\pluggable.php on line 1438
[29-Jan-2025 07:10:48 UTC] PHP Warning:  Cannot modify header information - headers already sent by (output started at E:\xampp\htdocs\tekalignnega\wp-includes\class-wp-styles.php:214) in E:\xampp\htdocs\tekalignnega\wp-includes\pluggable.php on line 1435
[29-Jan-2025 07:10:48 UTC] PHP Warning:  Cannot modify header information - headers already sent by (output started at E:\xampp\htdocs\tekalignnega\wp-includes\class-wp-styles.php:214) in E:\xampp\htdocs\tekalignnega\wp-includes\pluggable.php on line 1438
[29-Jan-2025 07:10:52 UTC] PHP Deprecated:  Function print_emoji_styles is <strong>deprecated</strong> since version 6.4.0! Use wp_enqueue_emoji_styles instead. in E:\xampp\htdocs\tekalignnega\wp-includes\functions.php on line 6114
[29-Jan-2025 07:10:52 UTC] PHP Warning:  Cannot modify header information - headers already sent by (output started at E:\xampp\htdocs\tekalignnega\wp-includes\class-wp-styles.php:214) in E:\xampp\htdocs\tekalignnega\wp-includes\pluggable.php on line 1435
[29-Jan-2025 07:10:52 UTC] PHP Warning:  Cannot modify header information - headers already sent by (output started at E:\xampp\htdocs\tekalignnega\wp-includes\class-wp-styles.php:214) in E:\xampp\htdocs\tekalignnega\wp-includes\pluggable.php on line 1438
[29-Jan-2025 07:10:53 UTC] PHP Warning:  Cannot modify header information - headers already sent by (output started at E:\xampp\htdocs\tekalignnega\wp-includes\class-wp-styles.php:214) in E:\xampp\htdocs\tekalignnega\wp-includes\pluggable.php on line 1435
[29-Jan-2025 07:10:53 UTC] PHP Warning:  Cannot modify header information - headers already sent by (output started at E:\xampp\htdocs\tekalignnega\wp-includes\class-wp-styles.php:214) in E:\xampp\htdocs\tekalignnega\wp-includes\pluggable.php on line 1438
[29-Jan-2025 07:10:54 UTC] PHP Deprecated:  Function print_emoji_styles is <strong>deprecated</strong> since version 6.4.0! Use wp_enqueue_emoji_styles instead. in E:\xampp\htdocs\tekalignnega\wp-includes\functions.php on line 6114
[29-Jan-2025 07:10:54 UTC] PHP Warning:  Cannot modify header information - headers already sent by (output started at E:\xampp\htdocs\tekalignnega\wp-includes\class-wp-styles.php:214) in E:\xampp\htdocs\tekalignnega\wp-includes\pluggable.php on line 1435
[29-Jan-2025 07:10:54 UTC] PHP Warning:  Cannot modify header information - headers already sent by (output started at E:\xampp\htdocs\tekalignnega\wp-includes\class-wp-styles.php:214) in E:\xampp\htdocs\tekalignnega\wp-includes\pluggable.php on line 1438
[29-Jan-2025 07:10:54 UTC] PHP Warning:  Cannot modify header information - headers already sent by (output started at E:\xampp\htdocs\tekalignnega\wp-includes\class-wp-styles.php:214) in E:\xampp\htdocs\tekalignnega\wp-includes\pluggable.php on line 1435
[29-Jan-2025 07:10:54 UTC] PHP Warning:  Cannot modify header information - headers already sent by (output started at E:\xampp\htdocs\tekalignnega\wp-includes\class-wp-styles.php:214) in E:\xampp\htdocs\tekalignnega\wp-includes\pluggable.php on line 1438
